{"/home/runner/work/Shedule/Shedule/GestAd/public/js/utils/EventBus.js": {"path":"/home/runner/work/Shedule/Shedule/GestAd/public/js/utils/EventBus.js","statementMap":{"0":{"start":{"line":6,"column":4},"end":{"line":6,"column":22}},"1":{"start":{"line":16,"column":4},"end":{"line":18,"column":5}},"2":{"start":{"line":17,"column":6},"end":{"line":17,"column":31}},"3":{"start":{"line":19,"column":4},"end":{"line":19,"column":38}},"4":{"start":{"line":20,"column":4},"end":{"line":20,"column":16}},"5":{"start":{"line":30,"column":4},"end":{"line":30,"column":42}},"6":{"start":{"line":30,"column":30},"end":{"line":30,"column":42}},"7":{"start":{"line":31,"column":4},"end":{"line":31,"column":73}},"8":{"start":{"line":31,"column":58},"end":{"line":31,"column":71}},"9":{"start":{"line":32,"column":4},"end":{"line":32,"column":16}},"10":{"start":{"line":42,"column":4},"end":{"line":42,"column":42}},"11":{"start":{"line":42,"column":30},"end":{"line":42,"column":42}},"12":{"start":{"line":43,"column":4},"end":{"line":43,"column":66}},"13":{"start":{"line":43,"column":48},"end":{"line":43,"column":64}},"14":{"start":{"line":44,"column":4},"end":{"line":44,"column":16}},"15":{"start":{"line":54,"column":20},"end":{"line":57,"column":5}},"16":{"start":{"line":55,"column":6},"end":{"line":55,"column":23}},"17":{"start":{"line":56,"column":6},"end":{"line":56,"column":31}},"18":{"start":{"line":58,"column":4},"end":{"line":58,"column":35}},"19":{"start":{"line":67,"column":4},"end":{"line":71,"column":5}},"20":{"start":{"line":68,"column":6},"end":{"line":68,"column":33}},"21":{"start":{"line":70,"column":6},"end":{"line":70,"column":24}},"22":{"start":{"line":72,"column":4},"end":{"line":72,"column":16}},"23":{"start":{"line":76,"column":24},"end":{"line":76,"column":38}}},"fnMap":{"0":{"name":"(anonymous_0)","decl":{"start":{"line":5,"column":2},"end":{"line":5,"column":3}},"loc":{"start":{"line":5,"column":16},"end":{"line":7,"column":3}},"line":5},"1":{"name":"(anonymous_1)","decl":{"start":{"line":15,"column":2},"end":{"line":15,"column":3}},"loc":{"start":{"line":15,"column":21},"end":{"line":21,"column":3}},"line":15},"2":{"name":"(anonymous_2)","decl":{"start":{"line":29,"column":2},"end":{"line":29,"column":3}},"loc":{"start":{"line":29,"column":22},"end":{"line":33,"column":3}},"line":29},"3":{"name":"(anonymous_3)","decl":{"start":{"line":31,"column":53},"end":{"line":31,"column":54}},"loc":{"start":{"line":31,"column":58},"end":{"line":31,"column":71}},"line":31},"4":{"name":"(anonymous_4)","decl":{"start":{"line":41,"column":2},"end":{"line":41,"column":3}},"loc":{"start":{"line":41,"column":23},"end":{"line":45,"column":3}},"line":41},"5":{"name":"(anonymous_5)","decl":{"start":{"line":43,"column":37},"end":{"line":43,"column":38}},"loc":{"start":{"line":43,"column":48},"end":{"line":43,"column":64}},"line":43},"6":{"name":"(anonymous_6)","decl":{"start":{"line":53,"column":2},"end":{"line":53,"column":3}},"loc":{"start":{"line":53,"column":23},"end":{"line":59,"column":3}},"line":53},"7":{"name":"(anonymous_7)","decl":{"start":{"line":54,"column":20},"end":{"line":54,"column":21}},"loc":{"start":{"line":54,"column":33},"end":{"line":57,"column":5}},"line":54},"8":{"name":"(anonymous_8)","decl":{"start":{"line":66,"column":2},"end":{"line":66,"column":3}},"loc":{"start":{"line":66,"column":19},"end":{"line":73,"column":3}},"line":66}},"branchMap":{"0":{"loc":{"start":{"line":16,"column":4},"end":{"line":18,"column":5}},"type":"if","locations":[{"start":{"line":16,"column":4},"end":{"line":18,"column":5}},{"start":{},"end":{}}],"line":16},"1":{"loc":{"start":{"line":30,"column":4},"end":{"line":30,"column":42}},"type":"if","locations":[{"start":{"line":30,"column":4},"end":{"line":30,"column":42}},{"start":{},"end":{}}],"line":30},"2":{"loc":{"start":{"line":42,"column":4},"end":{"line":42,"column":42}},"type":"if","locations":[{"start":{"line":42,"column":4},"end":{"line":42,"column":42}},{"start":{},"end":{}}],"line":42},"3":{"loc":{"start":{"line":67,"column":4},"end":{"line":71,"column":5}},"type":"if","locations":[{"start":{"line":67,"column":4},"end":{"line":71,"column":5}},{"start":{"line":69,"column":11},"end":{"line":71,"column":5}}],"line":67}},"s":{"0":21,"1":20,"2":15,"3":20,"4":20,"5":8,"6":2,"7":6,"8":8,"9":6,"10":17,"11":5,"12":12,"13":13,"14":12,"15":4,"16":3,"17":3,"18":4,"19":3,"20":2,"21":1,"22":3,"23":1},"f":{"0":21,"1":20,"2":8,"3":8,"4":17,"5":13,"6":4,"7":3,"8":3},"b":{"0":[15,5],"1":[2,6],"2":[5,12],"3":[2,1]},"_coverageSchema":"1a1c01bbd47fc00a2c39e90264f33305004495a9","hash":"bc649c937d0a92bb242dfd6d1478728db0742fea"}
,"/home/runner/work/Shedule/Shedule/GestAd/public/js/utils/StorageService.js": {"path":"/home/runner/work/Shedule/Shedule/GestAd/public/js/utils/StorageService.js","statementMap":{"0":{"start":{"line":6,"column":4},"end":{"line":6,"column":25}},"1":{"start":{"line":15,"column":4},"end":{"line":15,"column":34}},"2":{"start":{"line":25,"column":4},"end":{"line":31,"column":5}},"3":{"start":{"line":26,"column":19},"end":{"line":26,"column":55}},"4":{"start":{"line":27,"column":6},"end":{"line":27,"column":45}},"5":{"start":{"line":27,"column":25},"end":{"line":27,"column":45}},"6":{"start":{"line":28,"column":6},"end":{"line":28,"column":30}},"7":{"start":{"line":30,"column":6},"end":{"line":30,"column":26}},"8":{"start":{"line":41,"column":4},"end":{"line":46,"column":5}},"9":{"start":{"line":42,"column":6},"end":{"line":42,"column":66}},"10":{"start":{"line":43,"column":6},"end":{"line":43,"column":18}},"11":{"start":{"line":45,"column":6},"end":{"line":45,"column":19}},"12":{"start":{"line":55,"column":4},"end":{"line":55,"column":44}},"13":{"start":{"line":56,"column":4},"end":{"line":56,"column":16}},"14":{"start":{"line":65,"column":4},"end":{"line":65,"column":57}},"15":{"start":{"line":73,"column":25},"end":{"line":73,"column":27}},"16":{"start":{"line":74,"column":4},"end":{"line":79,"column":5}},"17":{"start":{"line":74,"column":17},"end":{"line":74,"column":18}},"18":{"start":{"line":75,"column":18},"end":{"line":75,"column":37}},"19":{"start":{"line":76,"column":6},"end":{"line":78,"column":7}},"20":{"start":{"line":77,"column":8},"end":{"line":77,"column":31}},"21":{"start":{"line":80,"column":4},"end":{"line":80,"column":58}},"22":{"start":{"line":80,"column":30},"end":{"line":80,"column":56}},"23":{"start":{"line":81,"column":4},"end":{"line":81,"column":16}},"24":{"start":{"line":85,"column":30},"end":{"line":85,"column":50}}},"fnMap":{"0":{"name":"(anonymous_0)","decl":{"start":{"line":5,"column":2},"end":{"line":5,"column":3}},"loc":{"start":{"line":5,"column":34},"end":{"line":7,"column":3}},"line":5},"1":{"name":"(anonymous_1)","decl":{"start":{"line":14,"column":2},"end":{"line":14,"column":3}},"loc":{"start":{"line":14,"column":12},"end":{"line":16,"column":3}},"line":14},"2":{"name":"(anonymous_2)","decl":{"start":{"line":24,"column":2},"end":{"line":24,"column":3}},"loc":{"start":{"line":24,"column":32},"end":{"line":32,"column":3}},"line":24},"3":{"name":"(anonymous_3)","decl":{"start":{"line":40,"column":2},"end":{"line":40,"column":3}},"loc":{"start":{"line":40,"column":18},"end":{"line":47,"column":3}},"line":40},"4":{"name":"(anonymous_4)","decl":{"start":{"line":54,"column":2},"end":{"line":54,"column":3}},"loc":{"start":{"line":54,"column":14},"end":{"line":57,"column":3}},"line":54},"5":{"name":"(anonymous_5)","decl":{"start":{"line":64,"column":2},"end":{"line":64,"column":3}},"loc":{"start":{"line":64,"column":11},"end":{"line":66,"column":3}},"line":64},"6":{"name":"(anonymous_6)","decl":{"start":{"line":72,"column":2},"end":{"line":72,"column":3}},"loc":{"start":{"line":72,"column":10},"end":{"line":82,"column":3}},"line":72},"7":{"name":"(anonymous_7)","decl":{"start":{"line":80,"column":25},"end":{"line":80,"column":26}},"loc":{"start":{"line":80,"column":30},"end":{"line":80,"column":56}},"line":80}},"branchMap":{"0":{"loc":{"start":{"line":5,"column":14},"end":{"line":5,"column":32}},"type":"default-arg","locations":[{"start":{"line":5,"column":23},"end":{"line":5,"column":32}}],"line":5},"1":{"loc":{"start":{"line":24,"column":11},"end":{"line":24,"column":30}},"type":"default-arg","locations":[{"start":{"line":24,"column":26},"end":{"line":24,"column":30}}],"line":24},"2":{"loc":{"start":{"line":27,"column":6},"end":{"line":27,"column":45}},"type":"if","locations":[{"start":{"line":27,"column":6},"end":{"line":27,"column":45}},{"start":{},"end":{}}],"line":27},"3":{"loc":{"start":{"line":76,"column":6},"end":{"line":78,"column":7}},"type":"if","locations":[{"start":{"line":76,"column":6},"end":{"line":78,"column":7}},{"start":{},"end":{}}],"line":76},"4":{"loc":{"start":{"line":76,"column":10},"end":{"line":76,"column":44}},"type":"binary-expr","locations":[{"start":{"line":76,"column":10},"end":{"line":76,"column":13}},{"start":{"line":76,"column":17},"end":{"line":76,"column":44}}],"line":76}},"s":{"0":27,"1":36,"2":12,"3":12,"4":12,"5":5,"6":7,"7":0,"8":16,"9":16,"10":16,"11":0,"12":4,"13":4,"14":3,"15":3,"16":3,"17":3,"18":4,"19":4,"20":3,"21":3,"22":3,"23":3,"24":1},"f":{"0":27,"1":36,"2":12,"3":16,"4":4,"5":3,"6":3,"7":3},"b":{"0":[2],"1":[11],"2":[5,7],"3":[3,1],"4":[4,4]},"_coverageSchema":"1a1c01bbd47fc00a2c39e90264f33305004495a9","hash":"dc2abfe4a7ee01b66f47553bb887738817a2673a"}
,"/home/runner/work/Shedule/Shedule/GestAd/src/middleware/errorHandler.js": {"path":"/home/runner/work/Shedule/Shedule/GestAd/src/middleware/errorHandler.js","statementMap":{"0":{"start":{"line":5,"column":4},"end":{"line":5,"column":19}},"1":{"start":{"line":6,"column":4},"end":{"line":6,"column":33}},"2":{"start":{"line":7,"column":4},"end":{"line":7,"column":21}},"3":{"start":{"line":8,"column":4},"end":{"line":8,"column":30}},"4":{"start":{"line":9,"column":4},"end":{"line":9,"column":52}},"5":{"start":{"line":15,"column":4},"end":{"line":15,"column":44}},"6":{"start":{"line":16,"column":4},"end":{"line":16,"column":27}},"7":{"start":{"line":22,"column":4},"end":{"line":22,"column":54}},"8":{"start":{"line":28,"column":4},"end":{"line":28,"column":40}},"9":{"start":{"line":34,"column":4},"end":{"line":34,"column":37}},"10":{"start":{"line":39,"column":2},"end":{"line":44,"column":5}},"11":{"start":{"line":46,"column":2},"end":{"line":52,"column":3}},"12":{"start":{"line":47,"column":4},"end":{"line":51,"column":7}},"13":{"start":{"line":54,"column":2},"end":{"line":59,"column":3}},"14":{"start":{"line":55,"column":4},"end":{"line":58,"column":7}},"15":{"start":{"line":61,"column":2},"end":{"line":66,"column":3}},"16":{"start":{"line":62,"column":4},"end":{"line":65,"column":7}},"17":{"start":{"line":68,"column":2},"end":{"line":71,"column":5}},"18":{"start":{"line":75,"column":2},"end":{"line":78,"column":5}}},"fnMap":{"0":{"name":"(anonymous_0)","decl":{"start":{"line":4,"column":2},"end":{"line":4,"column":3}},"loc":{"start":{"line":4,"column":66},"end":{"line":10,"column":3}},"line":4},"1":{"name":"(anonymous_1)","decl":{"start":{"line":14,"column":2},"end":{"line":14,"column":3}},"loc":{"start":{"line":14,"column":37},"end":{"line":17,"column":3}},"line":14},"2":{"name":"(anonymous_2)","decl":{"start":{"line":21,"column":2},"end":{"line":21,"column":3}},"loc":{"start":{"line":21,"column":37},"end":{"line":23,"column":3}},"line":21},"3":{"name":"(anonymous_3)","decl":{"start":{"line":27,"column":2},"end":{"line":27,"column":3}},"loc":{"start":{"line":27,"column":40},"end":{"line":29,"column":3}},"line":27},"4":{"name":"(anonymous_4)","decl":{"start":{"line":33,"column":2},"end":{"line":33,"column":3}},"loc":{"start":{"line":33,"column":40},"end":{"line":35,"column":3}},"line":33},"5":{"name":"errorHandler","decl":{"start":{"line":38,"column":16},"end":{"line":38,"column":28}},"loc":{"start":{"line":38,"column":50},"end":{"line":72,"column":1}},"line":38},"6":{"name":"notFoundHandler","decl":{"start":{"line":74,"column":16},"end":{"line":74,"column":31}},"loc":{"start":{"line":74,"column":42},"end":{"line":79,"column":1}},"line":74}},"branchMap":{"0":{"loc":{"start":{"line":4,"column":23},"end":{"line":4,"column":39}},"type":"default-arg","locations":[{"start":{"line":4,"column":36},"end":{"line":4,"column":39}}],"line":4},"1":{"loc":{"start":{"line":4,"column":41},"end":{"line":4,"column":64}},"type":"default-arg","locations":[{"start":{"line":4,"column":48},"end":{"line":4,"column":64}}],"line":4},"2":{"loc":{"start":{"line":14,"column":23},"end":{"line":14,"column":35}},"type":"default-arg","locations":[{"start":{"line":14,"column":33},"end":{"line":14,"column":35}}],"line":14},"3":{"loc":{"start":{"line":21,"column":14},"end":{"line":21,"column":35}},"type":"default-arg","locations":[{"start":{"line":21,"column":25},"end":{"line":21,"column":35}}],"line":21},"4":{"loc":{"start":{"line":27,"column":14},"end":{"line":27,"column":38}},"type":"default-arg","locations":[{"start":{"line":27,"column":24},"end":{"line":27,"column":38}}],"line":27},"5":{"loc":{"start":{"line":33,"column":14},"end":{"line":33,"column":38}},"type":"default-arg","locations":[{"start":{"line":33,"column":24},"end":{"line":33,"column":38}}],"line":33},"6":{"loc":{"start":{"line":46,"column":2},"end":{"line":52,"column":3}},"type":"if","locations":[{"start":{"line":46,"column":2},"end":{"line":52,"column":3}},{"start":{},"end":{}}],"line":46},"7":{"loc":{"start":{"line":50,"column":10},"end":{"line":50,"column":49}},"type":"binary-expr","locations":[{"start":{"line":50,"column":10},"end":{"line":50,"column":21}},{"start":{"line":50,"column":25},"end":{"line":50,"column":49}}],"line":50},"8":{"loc":{"start":{"line":54,"column":2},"end":{"line":59,"column":3}},"type":"if","locations":[{"start":{"line":54,"column":2},"end":{"line":59,"column":3}},{"start":{},"end":{}}],"line":54},"9":{"loc":{"start":{"line":61,"column":2},"end":{"line":66,"column":3}},"type":"if","locations":[{"start":{"line":61,"column":2},"end":{"line":66,"column":3}},{"start":{},"end":{}}],"line":61},"10":{"loc":{"start":{"line":70,"column":13},"end":{"line":70,"column":83}},"type":"cond-expr","locations":[{"start":{"line":70,"column":53},"end":{"line":70,"column":69}},{"start":{"line":70,"column":72},"end":{"line":70,"column":83}}],"line":70}},"s":{"0":15,"1":15,"2":15,"3":15,"4":15,"5":4,"6":4,"7":3,"8":2,"9":2,"10":5,"11":5,"12":2,"13":3,"14":0,"15":3,"16":1,"17":2,"18":2},"f":{"0":15,"1":4,"2":3,"3":2,"4":2,"5":5,"6":2},"b":{"0":[2],"1":[2],"2":[2],"3":[2],"4":[1],"5":[1],"6":[2,3],"7":[2,1],"8":[0,3],"9":[1,2],"10":[1,1]},"_coverageSchema":"1a1c01bbd47fc00a2c39e90264f33305004495a9","hash":"7401333e77cd28d5b145069bc55131ae566be9d4"}
,"/home/runner/work/Shedule/Shedule/GestAd/src/middleware/rateLimiter.js": {"path":"/home/runner/work/Shedule/Shedule/GestAd/src/middleware/rateLimiter.js","statementMap":{"0":{"start":{"line":3,"column":27},"end":{"line":12,"column":2}},"1":{"start":{"line":14,"column":26},"end":{"line":21,"column":2}},"2":{"start":{"line":23,"column":29},"end":{"line":30,"column":2}}},"fnMap":{},"branchMap":{},"s":{"0":1,"1":1,"2":1},"f":{},"b":{},"_coverageSchema":"1a1c01bbd47fc00a2c39e90264f33305004495a9","hash":"58a5b76d67c190834b6c6b2fa40f9139bc4cee97"}
,"/home/runner/work/Shedule/Shedule/GestAd/src/middleware/validation.js": {"path":"/home/runner/work/Shedule/Shedule/GestAd/src/middleware/validation.js","statementMap":{"0":{"start":{"line":4,"column":2},"end":{"line":24,"column":4}},"1":{"start":{"line":5,"column":29},"end":{"line":8,"column":6}},"2":{"start":{"line":10,"column":4},"end":{"line":20,"column":5}},"3":{"start":{"line":11,"column":21},"end":{"line":14,"column":9}},"4":{"start":{"line":11,"column":50},"end":{"line":14,"column":7}},"5":{"start":{"line":16,"column":6},"end":{"line":19,"column":9}},"6":{"start":{"line":22,"column":4},"end":{"line":22,"column":24}},"7":{"start":{"line":23,"column":4},"end":{"line":23,"column":11}},"8":{"start":{"line":27,"column":23},"end":{"line":74,"column":1}}},"fnMap":{"0":{"name":"validate","decl":{"start":{"line":3,"column":16},"end":{"line":3,"column":24}},"loc":{"start":{"line":3,"column":50},"end":{"line":25,"column":1}},"line":3},"1":{"name":"(anonymous_1)","decl":{"start":{"line":4,"column":9},"end":{"line":4,"column":10}},"loc":{"start":{"line":4,"column":29},"end":{"line":24,"column":3}},"line":4},"2":{"name":"(anonymous_2)","decl":{"start":{"line":11,"column":39},"end":{"line":11,"column":40}},"loc":{"start":{"line":11,"column":50},"end":{"line":14,"column":7}},"line":11}},"branchMap":{"0":{"loc":{"start":{"line":3,"column":33},"end":{"line":3,"column":48}},"type":"default-arg","locations":[{"start":{"line":3,"column":42},"end":{"line":3,"column":48}}],"line":3},"1":{"loc":{"start":{"line":10,"column":4},"end":{"line":20,"column":5}},"type":"if","locations":[{"start":{"line":10,"column":4},"end":{"line":20,"column":5}},{"start":{},"end":{}}],"line":10}},"s":{"0":7,"1":13,"2":13,"3":7,"4":14,"5":7,"6":6,"7":6,"8":2},"f":{"0":7,"1":13,"2":14},"b":{"0":[6],"1":[7,6]},"_coverageSchema":"1a1c01bbd47fc00a2c39e90264f33305004495a9","hash":"ae67f33df61a88494674431941c66d6937baaf14"}
,"/home/runner/work/Shedule/Shedule/GestAd/src/routes/auth.js": {"path":"/home/runner/work/Shedule/Shedule/GestAd/src/routes/auth.js","statementMap":{"0":{"start":{"line":9,"column":15},"end":{"line":9,"column":31}},"1":{"start":{"line":10,"column":11},"end":{"line":10,"column":27}},"2":{"start":{"line":13,"column":0},"end":{"line":26,"column":3}},"3":{"start":{"line":14,"column":2},"end":{"line":25,"column":3}},"4":{"start":{"line":15,"column":42},"end":{"line":15,"column":50}},"5":{"start":{"line":17,"column":19},"end":{"line":17,"column":64}},"6":{"start":{"line":18,"column":4},"end":{"line":18,"column":81}},"7":{"start":{"line":18,"column":16},"end":{"line":18,"column":81}},"8":{"start":{"line":20,"column":20},"end":{"line":20,"column":67}},"9":{"start":{"line":21,"column":18},"end":{"line":21,"column":75}},"10":{"start":{"line":22,"column":4},"end":{"line":22,"column":88}},"11":{"start":{"line":24,"column":4},"end":{"line":24,"column":14}},"12":{"start":{"line":29,"column":0},"end":{"line":41,"column":3}},"13":{"start":{"line":30,"column":2},"end":{"line":40,"column":3}},"14":{"start":{"line":31,"column":35},"end":{"line":31,"column":43}},"15":{"start":{"line":33,"column":17},"end":{"line":33,"column":60}},"16":{"start":{"line":34,"column":4},"end":{"line":34,"column":77}},"17":{"start":{"line":34,"column":15},"end":{"line":34,"column":77}},"18":{"start":{"line":36,"column":18},"end":{"line":36,"column":69}},"19":{"start":{"line":37,"column":4},"end":{"line":37,"column":40}},"20":{"start":{"line":39,"column":4},"end":{"line":39,"column":14}},"21":{"start":{"line":44,"column":0},"end":{"line":51,"column":3}},"22":{"start":{"line":45,"column":2},"end":{"line":50,"column":3}},"23":{"start":{"line":47,"column":4},"end":{"line":47,"column":43}},"24":{"start":{"line":49,"column":4},"end":{"line":49,"column":14}}},"fnMap":{"0":{"name":"(anonymous_0)","decl":{"start":{"line":13,"column":53},"end":{"line":13,"column":54}},"loc":{"start":{"line":13,"column":79},"end":{"line":26,"column":1}},"line":13},"1":{"name":"(anonymous_1)","decl":{"start":{"line":29,"column":47},"end":{"line":29,"column":48}},"loc":{"start":{"line":29,"column":73},"end":{"line":41,"column":1}},"line":29},"2":{"name":"(anonymous_2)","decl":{"start":{"line":44,"column":27},"end":{"line":44,"column":28}},"loc":{"start":{"line":44,"column":53},"end":{"line":51,"column":1}},"line":44}},"branchMap":{"0":{"loc":{"start":{"line":18,"column":4},"end":{"line":18,"column":81}},"type":"if","locations":[{"start":{"line":18,"column":4},"end":{"line":18,"column":81}},{"start":{},"end":{}}],"line":18},"1":{"loc":{"start":{"line":34,"column":4},"end":{"line":34,"column":77}},"type":"if","locations":[{"start":{"line":34,"column":4},"end":{"line":34,"column":77}},{"start":{},"end":{}}],"line":34}},"s":{"0":1,"1":1,"2":1,"3":1,"4":1,"5":1,"6":1,"7":0,"8":1,"9":1,"10":1,"11":0,"12":1,"13":2,"14":2,"15":2,"16":2,"17":1,"18":1,"19":1,"20":0,"21":1,"22":1,"23":1,"24":0},"f":{"0":1,"1":2,"2":1},"b":{"0":[0,1],"1":[1,1]},"_coverageSchema":"1a1c01bbd47fc00a2c39e90264f33305004495a9","hash":"d66d3c2f503baa105fee8615cb3d25a25e6e912d"}
}
