TN:
SF:public/js/utils/EventBus.js
FN:5,(anonymous_0)
FN:15,(anonymous_1)
FN:29,(anonymous_2)
FN:31,(anonymous_3)
FN:41,(anonymous_4)
FN:43,(anonymous_5)
FN:53,(anonymous_6)
FN:54,(anonymous_7)
FN:66,(anonymous_8)
FNF:9
FNH:9
FNDA:21,(anonymous_0)
FNDA:20,(anonymous_1)
FNDA:8,(anonymous_2)
FNDA:8,(anonymous_3)
FNDA:17,(anonymous_4)
FNDA:13,(anonymous_5)
FNDA:4,(anonymous_6)
FNDA:3,(anonymous_7)
FNDA:3,(anonymous_8)
DA:6,21
DA:16,20
DA:17,15
DA:19,20
DA:20,20
DA:30,8
DA:31,8
DA:32,6
DA:42,17
DA:43,13
DA:44,12
DA:54,4
DA:55,3
DA:56,3
DA:58,4
DA:67,3
DA:68,2
DA:70,1
DA:72,3
DA:76,1
LF:20
LH:20
BRDA:16,0,0,15
BRDA:16,0,1,5
BRDA:30,1,0,2
BRDA:30,1,1,6
BRDA:42,2,0,5
BRDA:42,2,1,12
BRDA:67,3,0,2
BRDA:67,3,1,1
BRF:8
BRH:8
end_of_record
TN:
SF:public/js/utils/StorageService.js
FN:5,(anonymous_0)
FN:14,(anonymous_1)
FN:24,(anonymous_2)
FN:40,(anonymous_3)
FN:54,(anonymous_4)
FN:64,(anonymous_5)
FN:72,(anonymous_6)
FN:80,(anonymous_7)
FNF:8
FNH:8
FNDA:27,(anonymous_0)
FNDA:36,(anonymous_1)
FNDA:12,(anonymous_2)
FNDA:16,(anonymous_3)
FNDA:4,(anonymous_4)
FNDA:3,(anonymous_5)
FNDA:3,(anonymous_6)
FNDA:3,(anonymous_7)
DA:6,27
DA:15,36
DA:25,12
DA:26,12
DA:27,12
DA:28,7
DA:30,0
DA:41,16
DA:42,16
DA:43,16
DA:45,0
DA:55,4
DA:56,4
DA:65,3
DA:73,3
DA:74,3
DA:75,4
DA:76,4
DA:77,3
DA:80,3
DA:81,3
DA:85,1
LF:22
LH:20
BRDA:5,0,0,2
BRDA:24,1,0,11
BRDA:27,2,0,5
BRDA:27,2,1,7
BRDA:76,3,0,3
BRDA:76,3,1,1
BRDA:76,4,0,4
BRDA:76,4,1,4
BRF:8
BRH:8
end_of_record
TN:
SF:src/middleware/errorHandler.js
FN:4,(anonymous_0)
FN:14,(anonymous_1)
FN:21,(anonymous_2)
FN:27,(anonymous_3)
FN:33,(anonymous_4)
FN:38,errorHandler
FN:74,notFoundHandler
FNF:7
FNH:7
FNDA:15,(anonymous_0)
FNDA:4,(anonymous_1)
FNDA:3,(anonymous_2)
FNDA:2,(anonymous_3)
FNDA:2,(anonymous_4)
FNDA:5,errorHandler
FNDA:2,notFoundHandler
DA:5,15
DA:6,15
DA:7,15
DA:8,15
DA:9,15
DA:15,4
DA:16,4
DA:22,3
DA:28,2
DA:34,2
DA:39,5
DA:46,5
DA:47,2
DA:54,3
DA:55,0
DA:61,3
DA:62,1
DA:68,2
DA:75,2
LF:19
LH:18
BRDA:4,0,0,2
BRDA:4,1,0,2
BRDA:14,2,0,2
BRDA:21,3,0,2
BRDA:27,4,0,1
BRDA:33,5,0,1
BRDA:46,6,0,2
BRDA:46,6,1,3
BRDA:50,7,0,2
BRDA:50,7,1,1
BRDA:54,8,0,0
BRDA:54,8,1,3
BRDA:61,9,0,1
BRDA:61,9,1,2
BRDA:70,10,0,1
BRDA:70,10,1,1
BRF:16
BRH:15
end_of_record
TN:
SF:src/middleware/rateLimiter.js
FNF:0
FNH:0
DA:3,1
DA:14,1
DA:23,1
LF:3
LH:3
BRF:0
BRH:0
end_of_record
TN:
SF:src/middleware/validation.js
FN:3,validate
FN:4,(anonymous_1)
FN:11,(anonymous_2)
FNF:3
FNH:3
FNDA:7,validate
FNDA:13,(anonymous_1)
FNDA:14,(anonymous_2)
DA:4,7
DA:5,13
DA:10,13
DA:11,14
DA:16,7
DA:22,6
DA:23,6
DA:27,2
LF:8
LH:8
BRDA:3,0,0,6
BRDA:10,1,0,7
BRDA:10,1,1,6
BRF:3
BRH:3
end_of_record
TN:
SF:src/routes/auth.js
FN:13,(anonymous_0)
FN:29,(anonymous_1)
FN:44,(anonymous_2)
FNF:3
FNH:3
FNDA:1,(anonymous_0)
FNDA:2,(anonymous_1)
FNDA:1,(anonymous_2)
DA:9,1
DA:10,1
DA:13,1
DA:14,1
DA:15,1
DA:17,1
DA:18,1
DA:20,1
DA:21,1
DA:22,1
DA:24,0
DA:29,1
DA:30,2
DA:31,2
DA:33,2
DA:34,2
DA:36,1
DA:37,1
DA:39,0
DA:44,1
DA:45,1
DA:47,1
DA:49,0
LF:23
LH:20
BRDA:18,0,0,0
BRDA:18,0,1,1
BRDA:34,1,0,1
BRDA:34,1,1,1
BRF:4
BRH:3
end_of_record
